<?xml version='1.0' encoding='utf-8'?>
<testsuite name="move-test" tests="4" failures="3" skipped="0" time="305.128828"><properties><property name="workspace" value="C:\Users\spell\Desktop\projects\supra-project\SupraLottery\supra\move_workspace" /><property name="cli_path" value="tmp\aptos.cmd" /><property name="cli_flavour" value="aptos" /></properties><testcase classname="move" name="lottery" time="305.086871" /><testcase classname="move" name="lottery_factory" time="0.013344"><failure message="Return code 1">Команда: 'tmp\aptos.cmd' move test --package-dir 'C:\Users\spell\Desktop\projects\supra-project\SupraLottery\supra\move_workspace\lottery_factory' --skip-fetch-latest-git-deps</failure></testcase><testcase classname="move" name="SupraVrf" time="0.013553"><failure message="Return code 1">Команда: 'tmp\aptos.cmd' move test --package-dir 'C:\Users\spell\Desktop\projects\supra-project\SupraLottery\supra\move_workspace\SupraVrf' --skip-fetch-latest-git-deps</failure></testcase><testcase classname="move" name="vrf_hub" time="0.015059"><failure message="Return code 1">Команда: 'tmp\aptos.cmd' move test --package-dir 'C:\Users\spell\Desktop\projects\supra-project\SupraLottery\supra\move_workspace\vrf_hub' --skip-fetch-latest-git-deps</failure></testcase></testsuite>