<?xml version='1.0' encoding='utf-8'?>
<testsuite name="move-test" tests="4" failures="0" skipped="4" time="0.000000">
  <properties>
    <property name="workspace" value="SupraLottery/supra/move_workspace" />
    <property name="cli_flavour" value="supra" />
    <property name="mode" value="dry-run" />
  </properties>
  <testcase classname="move" name="lottery" time="0.000000">
    <skipped />
  </testcase>
  <testcase classname="move" name="lottery_factory" time="0.000000">
    <skipped />
  </testcase>
  <testcase classname="move" name="SupraVrf" time="0.000000">
    <skipped />
  </testcase>
  <testcase classname="move" name="vrf_hub" time="0.000000">
    <skipped />
  </testcase>
</testsuite>

